<?xml version="1.0" encoding="UTF-8" ?>

<testsuite failures="0" time="0.008" errors="0" skipped="0" tests="6" name="CalendarTest">
  <testcase classname="CalendarTest" name="shouldHaveNameHomeAndOwner" time="0.001">
      </testcase>
  <testcase classname="CalendarTest" name="shouldAddEvent" time="0">
      </testcase>
  <testcase classname="CalendarTest" name="shouldAddSecondEventBeforeFirstEvent" time="0.002">
      </testcase>
  <testcase classname="CalendarTest" name="shouldGetIterator" time="0.001">
      </testcase>
  <testcase classname="CalendarTest" name="shouldNotIterateOverSecondEvent" time="0.002">
      </testcase>
  <testcase classname="CalendarTest" name="shouldGetIteratorOverEventsAfterSpecificDate" time="0.002">
      </testcase>
</testsuite>
